<?xml version="1.0" encoding="UTF-8"?>
<!-- Generated by org.testng.reporters.JUnitReportReporter -->
<testsuite hostname="Aditya" failures="0" tests="7" name="com.crm.qa.testcases.ContactPageTest" time="139.284" errors="0" timestamp="2023-03-30T07:27:45 EDT" skipped="0">
  <testcase classname="com.crm.qa.testcases.ContactPageTest" name="verifyingContactPageTest" time="17.538"/>
  <system-out/>
  <testcase classname="com.crm.qa.testcases.ContactPageTest" name="selectcontactsByName" time="17.618"/>
  <system-out/>
  <testcase classname="com.crm.qa.testcases.ContactPageTest" name="selectMultiplecontactsByName" time="17.666"/>
  <system-out/>
  <testcase classname="com.crm.qa.testcases.ContactPageTest" name="validateCreateNewContact" time="21.401"/>
  <system-out/>
  <testcase classname="com.crm.qa.testcases.ContactPageTest" name="validateCreateNewContact" time="21.811"/>
  <system-out/>
  <testcase classname="com.crm.qa.testcases.ContactPageTest" name="validateCreateNewContact" time="21.750"/>
  <system-out/>
  <testcase classname="com.crm.qa.testcases.ContactPageTest" name="validateCreateNewContact" time="21.500"/>
  <system-out/>
</testsuite> <!-- com.crm.qa.testcases.ContactPageTest -->
