<?xml version="1.0" encoding="UTF-8"?>
<!-- Generated by org.testng.reporters.JUnitReportReporter -->
<testsuite hostname="Aditya" failures="0" tests="5" name="com.crm.qa.testcases.TaskPageTest" time="102.093" errors="0" timestamp="2023-03-30T07:27:45 EDT" skipped="0">
  <testcase classname="com.crm.qa.testcases.TaskPageTest" name="verifyTaskPageTest" time="17.576"/>
  <system-out/>
  <testcase classname="com.crm.qa.testcases.TaskPageTest" name="addNewTaskTest" time="21.446"/>
  <system-out/>
  <testcase classname="com.crm.qa.testcases.TaskPageTest" name="addNewTaskTest" time="21.071"/>
  <system-out/>
  <testcase classname="com.crm.qa.testcases.TaskPageTest" name="addNewTaskTest" time="21.128"/>
  <system-out/>
  <testcase classname="com.crm.qa.testcases.TaskPageTest" name="addNewTaskTest" time="20.872"/>
  <system-out/>
</testsuite> <!-- com.crm.qa.testcases.TaskPageTest -->
