<?xml version="1.0" encoding="UTF-8"?>
<!-- Generated by org.testng.reporters.JUnitReportReporter -->
<testsuite hostname="Aditya" failures="0" tests="3" name="com.crm.qa.testcases.LoginPageTest" time="29.920" errors="0" timestamp="2023-03-30T07:27:45 EDT" skipped="0">
  <testcase classname="com.crm.qa.testcases.LoginPageTest" name="loginPageTitleTest" time="6.514"/>
  <system-out/>
  <testcase classname="com.crm.qa.testcases.LoginPageTest" name="crmlogoImageTest" time="7.758"/>
  <system-out/>
  <testcase classname="com.crm.qa.testcases.LoginPageTest" name="Login" time="15.648"/>
  <system-out/>
</testsuite> <!-- com.crm.qa.testcases.LoginPageTest -->
