<?xml version="1.0" encoding="UTF-8"?>
<!-- Generated by org.testng.reporters.JUnitReportReporter -->
<testsuite hostname="Aditya" failures="0" tests="3" name="com.crm.qa.testcases.HomePageTest" time="49.953" errors="0" timestamp="2023-03-30T07:27:45 EDT" skipped="0">
  <testcase classname="com.crm.qa.testcases.HomePageTest" name="verifyingHomePageTitleTest" time="16.414"/>
  <system-out/>
  <testcase classname="com.crm.qa.testcases.HomePageTest" name="verifyingHomePageUsername" time="16.000"/>
  <system-out/>
  <testcase classname="com.crm.qa.testcases.HomePageTest" name="verifyContactsLinkTest" time="17.539"/>
  <system-out/>
</testsuite> <!-- com.crm.qa.testcases.HomePageTest -->
