<?xml version="1.0" encoding="UTF-8"?>
<!-- Generated by org.testng.reporters.JUnitReportReporter -->
<testsuite hostname="Aditya" failures="0" tests="4" name="com.qa.tests.Demo_Test" time="0.011" errors="0" timestamp="2023-03-11T08:25:15 EST" skipped="0">
  <testcase classname="com.qa.tests.Demo_Test" name="SUB" time="0.001"/>
  <testcase classname="com.qa.tests.Demo_Test" name="SUM" time="0.000"/>
  <testcase classname="com.qa.tests.Demo_Test" name="DIV" time="0.009"/>
  <testcase classname="com.qa.tests.Demo_Test" name="MUL" time="0.001"/>
</testsuite> <!-- com.qa.tests.Demo_Test -->
